0 verbose cli /usr/local/bin/node /usr/local/bin/npm
1 info using npm@10.9.0
2 info using node@v22.11.0
3 silly config load:file:/usr/local/lib/node_modules/npm/npmrc
4 silly config load:file:/Users/apple/Documents/GitHub/KT-Market-1/.npmrc
5 silly config load:file:/Users/apple/.npmrc
6 silly config load:file:/usr/local/etc/npmrc
7 verbose title npm install next@latest eslint-config-next@latest
8 verbose argv "install" "--cache" ".npmcache" "--legacy-peer-deps" "next@latest" "eslint-config-next@latest"
9 verbose logfile logs-max:10 dir:/Users/apple/Documents/GitHub/KT-Market-1/.npmcache/_logs/2026-03-18T09_06_07_937Z-
10 verbose logfile /Users/apple/Documents/GitHub/KT-Market-1/.npmcache/_logs/2026-03-18T09_06_07_937Z-debug-0.log
11 silly logfile done cleaning log files
12 silly packumentCache heap:2197815296 maxSize:549453824 maxEntrySize:274726912
13 silly packumentCache corgi:https://registry.npmjs.org/next cache-miss
14 silly packumentCache corgi:https://registry.npmjs.org/eslint-config-next cache-miss
15 verbose shrinkwrap failed to load node_modules/.package-lock.json out of date, updated: node_modules
16 http fetch GET 200 https://registry.npmjs.org/npm 788ms
17 http fetch GET 200 https://registry.npmjs.org/eslint-config-next 2034ms (cache miss)
18 silly packumentCache corgi:https://registry.npmjs.org/eslint-config-next set size:undefined disposed:false
19 http fetch GET 200 https://registry.npmjs.org/next 3348ms (cache miss)
20 silly packumentCache corgi:https://registry.npmjs.org/next set size:undefined disposed:false
21 silly idealTree buildDeps
22 silly fetch manifest next@16.1.7
23 silly packumentCache full:https://registry.npmjs.org/next cache-miss
24 http fetch GET 200 https://registry.npmjs.org/next 920ms (cache miss)
25 silly packumentCache full:https://registry.npmjs.org/next set size:undefined disposed:false
26 silly fetch manifest eslint-config-next@16.1.7
27 silly packumentCache full:https://registry.npmjs.org/eslint-config-next cache-miss
28 http fetch GET 200 https://registry.npmjs.org/eslint-config-next 284ms (cache miss)
29 silly packumentCache full:https://registry.npmjs.org/eslint-config-next set size:undefined disposed:false
30 silly placeDep ROOT eslint-config-next@16.1.7 REPLACE for: my-app@0.1.0 want: 16.1.7
31 silly placeDep ROOT next@16.1.7 REPLACE for: my-app@0.1.0 want: 16.1.7
32 silly fetch manifest @next/eslint-plugin-next@16.1.7
33 silly packumentCache full:https://registry.npmjs.org/@next%2feslint-plugin-next cache-miss
34 silly fetch manifest @next/env@16.1.7
35 silly packumentCache full:https://registry.npmjs.org/@next%2fenv cache-miss
36 silly fetch manifest baseline-browser-mapping@^2.9.19
37 silly packumentCache full:https://registry.npmjs.org/baseline-browser-mapping cache-miss
38 silly fetch manifest @next/swc-darwin-x64@16.1.7
39 silly packumentCache full:https://registry.npmjs.org/@next%2fswc-darwin-x64 cache-miss
40 silly fetch manifest @next/swc-darwin-arm64@16.1.7
41 silly packumentCache full:https://registry.npmjs.org/@next%2fswc-darwin-arm64 cache-miss
42 silly fetch manifest @next/swc-linux-x64-gnu@16.1.7
43 silly packumentCache full:https://registry.npmjs.org/@next%2fswc-linux-x64-gnu cache-miss
44 silly fetch manifest @next/swc-linux-x64-musl@16.1.7
45 silly packumentCache full:https://registry.npmjs.org/@next%2fswc-linux-x64-musl cache-miss
46 http fetch GET 200 https://registry.npmjs.org/baseline-browser-mapping 109ms (cache miss)
47 silly packumentCache full:https://registry.npmjs.org/baseline-browser-mapping set size:undefined disposed:false
48 silly fetch manifest @next/swc-win32-x64-msvc@16.1.7
49 silly packumentCache full:https://registry.npmjs.org/@next%2fswc-win32-x64-msvc cache-miss
50 http fetch GET 200 https://registry.npmjs.org/@next%2fswc-darwin-x64 757ms (cache miss)
51 silly packumentCache full:https://registry.npmjs.org/@next%2fswc-darwin-x64 set size:undefined disposed:false
52 silly fetch manifest @next/swc-linux-arm64-gnu@16.1.7
53 silly packumentCache full:https://registry.npmjs.org/@next%2fswc-linux-arm64-gnu cache-miss
54 http fetch GET 200 https://registry.npmjs.org/@next%2fswc-darwin-arm64 816ms (cache miss)
55 silly packumentCache full:https://registry.npmjs.org/@next%2fswc-darwin-arm64 set size:undefined disposed:false
56 silly fetch manifest @next/swc-linux-arm64-musl@16.1.7
57 silly packumentCache full:https://registry.npmjs.org/@next%2fswc-linux-arm64-musl cache-miss
58 http fetch GET 200 https://registry.npmjs.org/@next%2fswc-win32-x64-msvc 787ms (cache miss)
59 silly packumentCache full:https://registry.npmjs.org/@next%2fswc-win32-x64-msvc set size:undefined disposed:false
60 silly fetch manifest @next/swc-win32-arm64-msvc@16.1.7
61 silly packumentCache full:https://registry.npmjs.org/@next%2fswc-win32-arm64-msvc cache-miss
62 http fetch GET 200 https://registry.npmjs.org/@next%2fswc-linux-x64-gnu 980ms (cache miss)
63 silly packumentCache full:https://registry.npmjs.org/@next%2fswc-linux-x64-gnu set size:undefined disposed:false
64 http fetch GET 200 https://registry.npmjs.org/@next%2fswc-linux-x64-musl 1053ms (cache miss)
65 silly packumentCache full:https://registry.npmjs.org/@next%2fswc-linux-x64-musl set size:undefined disposed:false
66 http fetch GET 200 https://registry.npmjs.org/@next%2fenv 1165ms (cache miss)
67 silly packumentCache full:https://registry.npmjs.org/@next%2fenv set size:undefined disposed:false
68 http fetch GET 200 https://registry.npmjs.org/@next%2feslint-plugin-next 1270ms (cache miss)
69 silly packumentCache full:https://registry.npmjs.org/@next%2feslint-plugin-next set size:undefined disposed:false
70 http fetch GET 200 https://registry.npmjs.org/@next%2fswc-linux-arm64-gnu 761ms (cache miss)
71 silly packumentCache full:https://registry.npmjs.org/@next%2fswc-linux-arm64-gnu set size:undefined disposed:false
72 http fetch GET 200 https://registry.npmjs.org/@next%2fswc-win32-arm64-msvc 636ms (cache miss)
73 silly packumentCache full:https://registry.npmjs.org/@next%2fswc-win32-arm64-msvc set size:undefined disposed:false
74 http fetch GET 200 https://registry.npmjs.org/@next%2fswc-linux-arm64-musl 787ms (cache miss)
75 silly packumentCache full:https://registry.npmjs.org/@next%2fswc-linux-arm64-musl set size:undefined disposed:false
76 silly placeDep ROOT @next/eslint-plugin-next@16.1.7 OK for: eslint-config-next@16.1.7 want: 16.1.7
77 silly fetch manifest fast-glob@3.3.1
78 silly packumentCache full:https://registry.npmjs.org/fast-glob cache-miss
79 http fetch GET 200 https://registry.npmjs.org/fast-glob 41ms (cache miss)
80 silly packumentCache full:https://registry.npmjs.org/fast-glob set size:undefined disposed:false
81 silly placeDep ROOT fast-glob@3.3.1 OK for: @next/eslint-plugin-next@16.1.7 want: 3.3.1
82 silly fetch manifest merge2@^1.3.0
83 silly packumentCache full:https://registry.npmjs.org/merge2 cache-miss
84 silly fetch manifest micromatch@^4.0.4
85 silly packumentCache full:https://registry.npmjs.org/micromatch cache-miss
86 silly fetch manifest glob-parent@^5.1.2
87 silly packumentCache full:https://registry.npmjs.org/glob-parent cache-miss
88 silly fetch manifest @nodelib/fs.stat@^2.0.2
89 silly packumentCache full:https://registry.npmjs.org/@nodelib%2ffs.stat cache-miss
90 silly fetch manifest @nodelib/fs.walk@^1.2.3
91 silly packumentCache full:https://registry.npmjs.org/@nodelib%2ffs.walk cache-miss
92 http fetch GET 200 https://registry.npmjs.org/merge2 60ms (cache miss)
93 silly packumentCache full:https://registry.npmjs.org/merge2 set size:undefined disposed:false
94 http fetch GET 200 https://registry.npmjs.org/@nodelib%2ffs.walk 64ms (cache miss)
95 silly packumentCache full:https://registry.npmjs.org/@nodelib%2ffs.walk set size:undefined disposed:false
96 http fetch GET 200 https://registry.npmjs.org/glob-parent 68ms (cache miss)
97 silly packumentCache full:https://registry.npmjs.org/glob-parent set size:undefined disposed:false
98 http fetch GET 200 https://registry.npmjs.org/micromatch 71ms (cache miss)
99 silly packumentCache full:https://registry.npmjs.org/micromatch set size:undefined disposed:false
100 http fetch GET 200 https://registry.npmjs.org/@nodelib%2ffs.stat 75ms (cache miss)
101 silly packumentCache full:https://registry.npmjs.org/@nodelib%2ffs.stat set size:undefined disposed:false
102 silly placeDep ROOT @nodelib/fs.stat@2.0.5 OK for: fast-glob@3.3.1 want: ^2.0.2
103 silly placeDep ROOT @nodelib/fs.walk@1.2.8 OK for: fast-glob@3.3.1 want: ^1.2.3
104 silly placeDep node_modules/fast-glob glob-parent@5.1.2 OK for: fast-glob@3.3.1 want: ^5.1.2
105 silly placeDep ROOT merge2@1.4.1 OK for: fast-glob@3.3.1 want: ^1.3.0
106 silly placeDep ROOT micromatch@4.0.8 OK for: fast-glob@3.3.1 want: ^4.0.4
107 silly fetch manifest fastq@^1.6.0
108 silly packumentCache full:https://registry.npmjs.org/fastq cache-miss
109 silly fetch manifest @nodelib/fs.scandir@2.1.5
110 silly packumentCache full:https://registry.npmjs.org/@nodelib%2ffs.scandir cache-miss
111 silly fetch manifest braces@^3.0.3
112 silly packumentCache full:https://registry.npmjs.org/braces cache-miss
113 silly fetch manifest picomatch@^2.3.1
114 silly packumentCache full:https://registry.npmjs.org/picomatch cache-miss
115 http fetch GET 200 https://registry.npmjs.org/fastq 46ms (cache miss)
116 silly packumentCache full:https://registry.npmjs.org/fastq set size:undefined disposed:false
117 http fetch GET 200 https://registry.npmjs.org/picomatch 55ms (cache miss)
118 silly packumentCache full:https://registry.npmjs.org/picomatch set size:undefined disposed:false
119 http fetch GET 200 https://registry.npmjs.org/@nodelib%2ffs.scandir 61ms (cache miss)
120 silly packumentCache full:https://registry.npmjs.org/@nodelib%2ffs.scandir set size:undefined disposed:false
121 http fetch GET 200 https://registry.npmjs.org/braces 201ms (cache miss)
122 silly packumentCache full:https://registry.npmjs.org/braces set size:undefined disposed:false
123 silly placeDep ROOT @nodelib/fs.scandir@2.1.5 OK for: @nodelib/fs.walk@1.2.8 want: 2.1.5
124 silly placeDep ROOT fastq@1.20.1 OK for: @nodelib/fs.walk@1.2.8 want: ^1.6.0
125 silly fetch manifest run-parallel@^1.1.9
126 silly packumentCache full:https://registry.npmjs.org/run-parallel cache-miss
127 silly fetch manifest reusify@^1.0.4
128 silly packumentCache full:https://registry.npmjs.org/reusify cache-miss
129 http fetch GET 200 https://registry.npmjs.org/run-parallel 37ms (cache miss)
130 silly packumentCache full:https://registry.npmjs.org/run-parallel set size:undefined disposed:false
131 http fetch GET 200 https://registry.npmjs.org/reusify 49ms (cache miss)
132 silly packumentCache full:https://registry.npmjs.org/reusify set size:undefined disposed:false
133 silly placeDep ROOT run-parallel@1.2.0 OK for: @nodelib/fs.scandir@2.1.5 want: ^1.1.9
134 silly fetch manifest queue-microtask@^1.2.2
135 silly packumentCache full:https://registry.npmjs.org/queue-microtask cache-miss
136 http fetch GET 200 https://registry.npmjs.org/queue-microtask 47ms (cache miss)
137 silly packumentCache full:https://registry.npmjs.org/queue-microtask set size:undefined disposed:false
138 silly placeDep ROOT reusify@1.1.0 OK for: fastq@1.20.1 want: ^1.0.4
139 silly placeDep ROOT braces@3.0.3 OK for: micromatch@4.0.8 want: ^3.0.3
140 silly placeDep ROOT picomatch@2.3.1 OK for: micromatch@4.0.8 want: ^2.3.1
141 silly fetch manifest fill-range@^7.1.1
142 silly packumentCache full:https://registry.npmjs.org/fill-range cache-miss
143 http fetch GET 200 https://registry.npmjs.org/fill-range 43ms (cache miss)
144 silly packumentCache full:https://registry.npmjs.org/fill-range set size:undefined disposed:false
145 silly placeDep ROOT fill-range@7.1.1 OK for: braces@3.0.3 want: ^7.1.1
146 silly fetch manifest to-regex-range@^5.0.1
147 silly packumentCache full:https://registry.npmjs.org/to-regex-range cache-miss
148 http fetch GET 200 https://registry.npmjs.org/to-regex-range 49ms (cache miss)
149 silly packumentCache full:https://registry.npmjs.org/to-regex-range set size:undefined disposed:false
150 silly placeDep ROOT to-regex-range@5.0.1 OK for: fill-range@7.1.1 want: ^5.0.1
151 silly fetch manifest is-number@^7.0.0
152 silly packumentCache full:https://registry.npmjs.org/is-number cache-miss
153 http fetch GET 200 https://registry.npmjs.org/is-number 48ms (cache miss)
154 silly packumentCache full:https://registry.npmjs.org/is-number set size:undefined disposed:false
155 silly placeDep ROOT @next/env@16.1.7 OK for: next@16.1.7 want: 16.1.7
156 silly placeDep ROOT @next/swc-darwin-arm64@16.1.7 OK for: next@16.1.7 want: 16.1.7
157 silly placeDep ROOT @next/swc-darwin-x64@16.1.7 OK for: next@16.1.7 want: 16.1.7
158 silly placeDep ROOT @next/swc-linux-arm64-gnu@16.1.7 OK for: next@16.1.7 want: 16.1.7
159 silly placeDep ROOT @next/swc-linux-arm64-musl@16.1.7 OK for: next@16.1.7 want: 16.1.7
160 silly placeDep ROOT @next/swc-linux-x64-gnu@16.1.7 OK for: next@16.1.7 want: 16.1.7
161 silly placeDep ROOT @next/swc-linux-x64-musl@16.1.7 OK for: next@16.1.7 want: 16.1.7
162 silly placeDep ROOT @next/swc-win32-arm64-msvc@16.1.7 OK for: next@16.1.7 want: 16.1.7
163 silly placeDep ROOT @next/swc-win32-x64-msvc@16.1.7 OK for: next@16.1.7 want: 16.1.7
164 silly placeDep ROOT baseline-browser-mapping@2.10.8 REPLACE for: next@16.1.7 want: ^2.9.19
165 silly placeDep ROOT queue-microtask@1.2.3 OK for: run-parallel@1.2.0 want: ^1.2.2
166 silly placeDep ROOT is-number@7.0.0 OK for: to-regex-range@5.0.1 want: ^7.0.0
167 silly reify mark retired [
167 silly reify   '/Users/apple/Documents/GitHub/KT-Market-1/node_modules/baseline-browser-mapping',
167 silly reify   '/Users/apple/Documents/GitHub/KT-Market-1/node_modules/.bin/baseline-browser-mapping'
167 silly reify ]
168 silly reify mark retired [ '/Users/apple/Documents/GitHub/KT-Market-1/node_modules/busboy' ]
169 silly reify mark retired [ '/Users/apple/Documents/GitHub/KT-Market-1/node_modules/color' ]
170 silly reify mark retired [
170 silly reify   '/Users/apple/Documents/GitHub/KT-Market-1/node_modules/is-arrayish'
170 silly reify ]
171 silly reify mark retired [ '/Users/apple/Documents/GitHub/KT-Market-1/node_modules/jose' ]
172 silly reify mark retired [
172 silly reify   '/Users/apple/Documents/GitHub/KT-Market-1/node_modules/eslint-config-next'
172 silly reify ]
173 silly reify mark retired [
173 silly reify   '/Users/apple/Documents/GitHub/KT-Market-1/node_modules/lucide-react'
173 silly reify ]
174 silly reify mark retired [ '/Users/apple/Documents/GitHub/KT-Market-1/node_modules/next-auth' ]
175 silly reify mark retired [
175 silly reify   '/Users/apple/Documents/GitHub/KT-Market-1/node_modules/oauth4webapi'
175 silly reify ]
176 silly reify mark retired [
176 silly reify   '/Users/apple/Documents/GitHub/KT-Market-1/node_modules/preact-render-to-string'
176 silly reify ]
177 silly reify mark retired [ '/Users/apple/Documents/GitHub/KT-Market-1/node_modules/preact' ]
178 silly reify mark retired [
178 silly reify   '/Users/apple/Documents/GitHub/KT-Market-1/node_modules/color-string'
178 silly reify ]
179 silly reify mark retired [ '/Users/apple/Documents/GitHub/KT-Market-1/node_modules/fastq' ]
180 silly reify mark retired [
180 silly reify   '/Users/apple/Documents/GitHub/KT-Market-1/node_modules/next',
180 silly reify   '/Users/apple/Documents/GitHub/KT-Market-1/node_modules/.bin/next'
180 silly reify ]
181 silly reify mark retired [
181 silly reify   '/Users/apple/Documents/GitHub/KT-Market-1/node_modules/simple-swizzle'
181 silly reify ]
182 silly reify mark retired [
182 silly reify   '/Users/apple/Documents/GitHub/KT-Market-1/node_modules/streamsearch'
182 silly reify ]
183 silly reify mark retired [ '/Users/apple/Documents/GitHub/KT-Market-1/node_modules/sharp' ]
184 silly reify mark retired [ '/Users/apple/Documents/GitHub/KT-Market-1/node_modules/@auth/core' ]
185 silly reify mark retired [
185 silly reify   '/Users/apple/Documents/GitHub/KT-Market-1/node_modules/@img/sharp-darwin-arm64'
185 silly reify ]
186 silly reify mark retired [
186 silly reify   '/Users/apple/Documents/GitHub/KT-Market-1/node_modules/@img/sharp-libvips-darwin-arm64'
186 silly reify ]
187 silly reify mark retired [ '/Users/apple/Documents/GitHub/KT-Market-1/node_modules/@next/env' ]
188 silly reify mark retired [
188 silly reify   '/Users/apple/Documents/GitHub/KT-Market-1/node_modules/@panva/hkdf'
188 silly reify ]
189 silly reify mark retired [
189 silly reify   '/Users/apple/Documents/GitHub/KT-Market-1/node_modules/@swc/counter'
189 silly reify ]
190 silly reify mark retired [
190 silly reify   '/Users/apple/Documents/GitHub/KT-Market-1/node_modules/@next/swc-darwin-arm64'
190 silly reify ]
191 silly reify mark retired [
191 silly reify   '/Users/apple/Documents/GitHub/KT-Market-1/node_modules/@next/eslint-plugin-next'
191 silly reify ]
192 silly reify moves {
192 silly reify   '/Users/apple/Documents/GitHub/KT-Market-1/node_modules/baseline-browser-mapping': '/Users/apple/Documents/GitHub/KT-Market-1/node_modules/.baseline-browser-mapping-N8XyapCb',
192 silly reify   '/Users/apple/Documents/GitHub/KT-Market-1/node_modules/.bin/baseline-browser-mapping': '/Users/apple/Documents/GitHub/KT-Market-1/node_modules/.bin/.baseline-browser-mapping-xOpDTznK',
192 silly reify   '/Users/apple/Documents/GitHub/KT-Market-1/node_modules/busboy': '/Users/apple/Documents/GitHub/KT-Market-1/node_modules/.busboy-8LObjtwK',
192 silly reify   '/Users/apple/Documents/GitHub/KT-Market-1/node_modules/color': '/Users/apple/Documents/GitHub/KT-Market-1/node_modules/.color-SZbHARAJ',
192 silly reify   '/Users/apple/Documents/GitHub/KT-Market-1/node_modules/is-arrayish': '/Users/apple/Documents/GitHub/KT-Market-1/node_modules/.is-arrayish-JHZ0756q',
192 silly reify   '/Users/apple/Documents/GitHub/KT-Market-1/node_modules/jose': '/Users/apple/Documents/GitHub/KT-Market-1/node_modules/.jose-Oxe43T8m',
192 silly reify   '/Users/apple/Documents/GitHub/KT-Market-1/node_modules/eslint-config-next': '/Users/apple/Documents/GitHub/KT-Market-1/node_modules/.eslint-config-next-IjE4BOF5',
192 silly reify   '/Users/apple/Documents/GitHub/KT-Market-1/node_modules/lucide-react': '/Users/apple/Documents/GitHub/KT-Market-1/node_modules/.lucide-react-HfZrwl2j',
192 silly reify   '/Users/apple/Documents/GitHub/KT-Market-1/node_modules/next-auth': '/Users/apple/Documents/GitHub/KT-Market-1/node_modules/.next-auth-iHJFBnSF',
192 silly reify   '/Users/apple/Documents/GitHub/KT-Market-1/node_modules/oauth4webapi': '/Users/apple/Documents/GitHub/KT-Market-1/node_modules/.oauth4webapi-JIZC9USA',
192 silly reify   '/Users/apple/Documents/GitHub/KT-Market-1/node_modules/preact-render-to-string': '/Users/apple/Documents/GitHub/KT-Market-1/node_modules/.preact-render-to-string-ZZLojyqY',
192 silly reify   '/Users/apple/Documents/GitHub/KT-Market-1/node_modules/preact': '/Users/apple/Documents/GitHub/KT-Market-1/node_modules/.preact-FAdaOWlW',
192 silly reify   '/Users/apple/Documents/GitHub/KT-Market-1/node_modules/color-string': '/Users/apple/Documents/GitHub/KT-Market-1/node_modules/.color-string-wDOPR4tZ',
192 silly reify   '/Users/apple/Documents/GitHub/KT-Market-1/node_modules/fastq': '/Users/apple/Documents/GitHub/KT-Market-1/node_modules/.fastq-8cWMY7Pi',
192 silly reify   '/Users/apple/Documents/GitHub/KT-Market-1/node_modules/next': '/Users/apple/Documents/GitHub/KT-Market-1/node_modules/.next-sBcrZtdv',
192 silly reify   '/Users/apple/Documents/GitHub/KT-Market-1/node_modules/.bin/next': '/Users/apple/Documents/GitHub/KT-Market-1/node_modules/.bin/.next-mNbeqLMF',
192 silly reify   '/Users/apple/Documents/GitHub/KT-Market-1/node_modules/simple-swizzle': '/Users/apple/Documents/GitHub/KT-Market-1/node_modules/.simple-swizzle-6isySbJz',
192 silly reify   '/Users/apple/Documents/GitHub/KT-Market-1/node_modules/streamsearch': '/Users/apple/Documents/GitHub/KT-Market-1/node_modules/.streamsearch-sOmewFOf',
192 silly reify   '/Users/apple/Documents/GitHub/KT-Market-1/node_modules/sharp': '/Users/apple/Documents/GitHub/KT-Market-1/node_modules/.sharp-NHYrYu71',
192 silly reify   '/Users/apple/Documents/GitHub/KT-Market-1/node_modules/@auth/core': '/Users/apple/Documents/GitHub/KT-Market-1/node_modules/@auth/.core-PpNL9Gg8',
192 silly reify   '/Users/apple/Documents/GitHub/KT-Market-1/node_modules/@img/sharp-darwin-arm64': '/Users/apple/Documents/GitHub/KT-Market-1/node_modules/@img/.sharp-darwin-arm64-whtluQAE',
192 silly reify   '/Users/apple/Documents/GitHub/KT-Market-1/node_modules/@img/sharp-libvips-darwin-arm64': '/Users/apple/Documents/GitHub/KT-Market-1/node_modules/@img/.sharp-libvips-darwin-arm64-QOKbJfjB',
192 silly reify   '/Users/apple/Documents/GitHub/KT-Market-1/node_modules/@next/env': '/Users/apple/Documents/GitHub/KT-Market-1/node_modules/@next/.env-lmsAMjdm',
192 silly reify   '/Users/apple/Documents/GitHub/KT-Market-1/node_modules/@panva/hkdf': '/Users/apple/Documents/GitHub/KT-Market-1/node_modules/@panva/.hkdf-oacVVH2f',
192 silly reify   '/Users/apple/Documents/GitHub/KT-Market-1/node_modules/@swc/counter': '/Users/apple/Documents/GitHub/KT-Market-1/node_modules/@swc/.counter-VFXk8XnQ',
192 silly reify   '/Users/apple/Documents/GitHub/KT-Market-1/node_modules/@next/swc-darwin-arm64': '/Users/apple/Documents/GitHub/KT-Market-1/node_modules/@next/.swc-darwin-arm64-Era98BoU',
192 silly reify   '/Users/apple/Documents/GitHub/KT-Market-1/node_modules/@next/eslint-plugin-next': '/Users/apple/Documents/GitHub/KT-Market-1/node_modules/@next/.eslint-plugin-next-4yFHKseP'
192 silly reify }
193 verbose reify failed optional dependency /Users/apple/Documents/GitHub/KT-Market-1/node_modules/@tailwindcss/oxide-wasm32-wasi
194 silly reify mark deleted [
194 silly reify   '/Users/apple/Documents/GitHub/KT-Market-1/node_modules/@tailwindcss/oxide-wasm32-wasi'
194 silly reify ]
195 silly audit bulk request {
195 silly audit   '@alloc/quick-lru': [ '5.2.0' ],
195 silly audit   '@babel/code-frame': [ '7.27.1' ],
195 silly audit   '@babel/compat-data': [ '7.28.5' ],
195 silly audit   '@babel/core': [ '7.28.5' ],
195 silly audit   '@babel/generator': [ '7.28.5' ],
195 silly audit   '@babel/helper-compilation-targets': [ '7.27.2' ],
195 silly audit   '@babel/helper-globals': [ '7.28.0' ],
195 silly audit   '@babel/helper-module-imports': [ '7.27.1' ],
195 silly audit   '@babel/helper-module-transforms': [ '7.28.3' ],
195 silly audit   '@babel/helper-string-parser': [ '7.27.1' ],
195 silly audit   '@babel/helper-validator-identifier': [ '7.28.5' ],
195 silly audit   '@babel/helper-validator-option': [ '7.27.1' ],
195 silly audit   '@babel/helpers': [ '7.28.4' ],
195 silly audit   '@babel/parser': [ '7.28.5' ],
195 silly audit   '@babel/template': [ '7.27.2' ],
195 silly audit   '@babel/traverse': [ '7.28.5' ],
195 silly audit   '@babel/types': [ '7.28.5' ],
195 silly audit   '@emnapi/core': [ '1.7.1' ],
195 silly audit   '@emnapi/runtime': [ '1.7.1' ],
195 silly audit   '@emnapi/wasi-threads': [ '1.1.0' ],
195 silly audit   '@eslint-community/eslint-utils': [ '4.9.0' ],
195 silly audit   'eslint-visitor-keys': [ '3.4.3', '4.2.1' ],
195 silly audit   '@eslint-community/regexpp': [ '4.12.2' ],
195 silly audit   '@eslint/config-array': [ '0.21.1' ],
195 silly audit   '@eslint/config-helpers': [ '0.4.2' ],
195 silly audit   '@eslint/core': [ '0.17.0' ],
195 silly audit   '@eslint/eslintrc': [ '3.3.3' ],
195 silly audit   '@eslint/js': [ '9.39.2' ],
195 silly audit   '@eslint/object-schema': [ '2.1.7' ],
195 silly audit   '@eslint/plugin-kit': [ '0.4.1' ],
195 silly audit   '@humanfs/core': [ '0.19.1' ],
195 silly audit   '@humanfs/node': [ '0.16.7' ],
195 silly audit   '@humanwhocodes/module-importer': [ '1.0.1' ],
195 silly audit   '@humanwhocodes/retry': [ '0.4.3' ],
195 silly audit   '@img/colour': [ '1.0.0' ],
195 silly audit   '@img/sharp-darwin-arm64': [ '0.34.5' ],
195 silly audit   '@img/sharp-darwin-x64': [ '0.34.5' ],
195 silly audit   '@img/sharp-libvips-darwin-arm64': [ '1.2.4' ],
195 silly audit   '@img/sharp-libvips-darwin-x64': [ '1.2.4' ],
195 silly audit   '@img/sharp-libvips-linux-arm': [ '1.2.4' ],
195 silly audit   '@img/sharp-libvips-linux-arm64': [ '1.2.4' ],
195 silly audit   '@img/sharp-libvips-linux-ppc64': [ '1.2.4' ],
195 silly audit   '@img/sharp-libvips-linux-riscv64': [ '1.2.4' ],
195 silly audit   '@img/sharp-libvips-linux-s390x': [ '1.2.4' ],
195 silly audit   '@img/sharp-libvips-linux-x64': [ '1.2.4' ],
195 silly audit   '@img/sharp-libvips-linuxmusl-arm64': [ '1.2.4' ],
195 silly audit   '@img/sharp-libvips-linuxmusl-x64': [ '1.2.4' ],
195 silly audit   '@img/sharp-linux-arm': [ '0.34.5' ],
195 silly audit   '@img/sharp-linux-arm64': [ '0.34.5' ],
195 silly audit   '@img/sharp-linux-ppc64': [ '0.34.5' ],
195 silly audit   '@img/sharp-linux-riscv64': [ '0.34.5' ],
195 silly audit   '@img/sharp-linux-s390x': [ '0.34.5' ],
195 silly audit   '@img/sharp-linux-x64': [ '0.34.5' ],
195 silly audit   '@img/sharp-linuxmusl-arm64': [ '0.34.5' ],
195 silly audit   '@img/sharp-linuxmusl-x64': [ '0.34.5' ],
195 silly audit   '@img/sharp-wasm32': [ '0.34.5' ],
195 silly audit   '@img/sharp-win32-arm64': [ '0.34.5' ],
195 silly audit   '@img/sharp-win32-ia32': [ '0.34.5' ],
195 silly audit   '@img/sharp-win32-x64': [ '0.34.5' ],
195 silly audit   '@jridgewell/gen-mapping': [ '0.3.13' ],
195 silly audit   '@jridgewell/remapping': [ '2.3.5' ],
195 silly audit   '@jridgewell/resolve-uri': [ '3.1.2' ],
195 silly audit   '@jridgewell/sourcemap-codec': [ '1.5.5' ],
195 silly audit   '@jridgewell/trace-mapping': [ '0.3.31' ],
195 silly audit   '@napi-rs/wasm-runtime': [ '0.2.12' ],
195 silly audit   '@nolyfill/is-core-module': [ '1.0.39' ],
195 silly audit   '@reduxjs/toolkit': [ '2.11.2' ],
195 silly audit   immer: [ '11.1.0', '10.2.0' ],
195 silly audit   '@rtsao/scc': [ '1.1.0' ],
195 silly audit   '@standard-schema/spec': [ '1.1.0' ],
195 silly audit   '@standard-schema/utils': [ '0.3.0' ],
195 silly audit   '@supabase/auth-js': [ '2.89.0' ],
195 silly audit   '@supabase/functions-js': [ '2.89.0' ],
195 silly audit   '@supabase/postgrest-js': [ '2.89.0' ],
195 silly audit   '@supabase/realtime-js': [ '2.89.0' ],
195 silly audit   '@supabase/ssr': [ '0.8.0' ],
195 silly audit   '@supabase/storage-js': [ '2.89.0' ],
195 silly audit   '@supabase/supabase-js': [ '2.89.0' ],
195 silly audit   '@swc/helpers': [ '0.5.15' ],
195 silly audit   '@tailwindcss/node': [ '4.1.18' ],
195 silly audit   '@tailwindcss/oxide': [ '4.1.18' ],
195 silly audit   '@tailwindcss/oxide-android-arm64': [ '4.1.18' ],
195 silly audit   '@tailwindcss/oxide-darwin-arm64': [ '4.1.18' ],
195 silly audit   '@tailwindcss/oxide-darwin-x64': [ '4.1.18' ],
195 silly audit   '@tailwindcss/oxide-freebsd-x64': [ '4.1.18' ],
195 silly audit   '@tailwindcss/oxide-linux-arm-gnueabihf': [ '4.1.18' ],
195 silly audit   '@tailwindcss/oxide-linux-arm64-gnu': [ '4.1.18' ],
195 silly audit   '@tailwindcss/oxide-linux-arm64-musl': [ '4.1.18' ],
195 silly audit   '@tailwindcss/oxide-linux-x64-gnu': [ '4.1.18' ],
195 silly audit   '@tailwindcss/oxide-linux-x64-musl': [ '4.1.18' ],
195 silly audit   '@tailwindcss/oxide-win32-arm64-msvc': [ '4.1.18' ],
195 silly audit   '@tailwindcss/oxide-win32-x64-msvc': [ '4.1.18' ],
195 silly audit   '@tailwindcss/postcss': [ '4.1.18' ],
195 silly audit   '@tanstack/query-core': [ '5.90.12' ],
195 silly audit   '@tanstack/query-devtools': [ '5.91.1' ],
195 silly audit   '@tanstack/react-query': [ '5.90.12' ],
195 silly audit   '@tanstack/react-query-devtools': [ '5.91.1' ],
195 silly audit   '@tybys/wasm-util': [ '0.10.1' ],
195 silly audit   '@types/d3-array': [ '3.2.2' ],
195 silly audit   '@types/d3-color': [ '3.1.3' ],
195 silly audit   '@types/d3-ease': [ '3.0.2' ],
195 silly audit   '@types/d3-interpolate': [ '3.0.4' ],
195 silly audit   '@types/d3-path': [ '3.1.1' ],
195 silly audit   '@types/d3-scale': [ '4.0.9' ],
195 silly audit   '@types/d3-shape': [ '3.1.7' ],
195 silly audit   '@types/d3-time': [ '3.0.4' ],
195 silly audit   '@types/d3-timer': [ '3.0.2' ],
195 silly audit   '@types/estree': [ '1.0.8' ],
195 silly audit   '@types/json-schema': [ '7.0.15' ],
195 silly audit   '@types/json5': [ '0.0.29' ],
195 silly audit   '@types/node': [ '20.19.27' ],
195 silly audit   '@types/phoenix': [ '1.6.7' ],
195 silly audit   '@types/react': [ '19.2.7' ],
195 silly audit   '@types/react-dom': [ '19.2.3' ],
195 silly audit   '@types/use-sync-external-store': [ '0.0.6' ],
195 silly audit   '@types/ws': [ '8.18.1' ],
195 silly audit   '@typescript-eslint/eslint-plugin': [ '8.50.1' ],
195 silly audit   ignore: [ '7.0.5', '5.3.2' ],
195 silly audit   '@typescript-eslint/parser': [ '8.50.1' ],
195 silly audit   '@typescript-eslint/project-service': [ '8.50.1' ],
195 silly audit   '@typescript-eslint/scope-manager': [ '8.50.1' ],
195 silly audit   '@typescript-eslint/tsconfig-utils': [ '8.50.1' ],
195 silly audit   '@typescript-eslint/type-utils': [ '8.50.1' ],
195 silly audit   '@typescript-eslint/types': [ '8.50.1' ],
195 silly audit   '@typescript-eslint/typescript-estree': [ '8.50.1' ],
195 silly audit   'brace-expansion': [ '2.0.2', '1.1.12' ],
195 silly audit   minimatch: [ '9.0.5', '3.1.2' ],
195 silly audit   semver: [ '7.7.3', '6.3.1' ],
195 silly audit   '@typescript-eslint/utils': [ '8.50.1' ],
195 silly audit   '@typescript-eslint/visitor-keys': [ '8.50.1' ],
195 silly audit   '@unrs/resolver-binding-android-arm-eabi': [ '1.11.1' ],
195 silly audit   '@unrs/resolver-binding-android-arm64': [ '1.11.1' ],
195 silly audit   '@unrs/resolver-binding-darwin-arm64': [ '1.11.1' ],
195 silly audit   '@unrs/resolver-binding-darwin-x64': [ '1.11.1' ],
195 silly audit   '@unrs/resolver-binding-freebsd-x64': [ '1.11.1' ],
195 silly audit   '@unrs/resolver-binding-linux-arm-gnueabihf': [ '1.11.1' ],
195 silly audit   '@unrs/resolver-binding-linux-arm-musleabihf': [ '1.11.1' ],
195 silly audit   '@unrs/resolver-binding-linux-arm64-gnu': [ '1.11.1' ],
195 silly audit   '@unrs/resolver-binding-linux-arm64-musl': [ '1.11.1' ],
195 silly audit   '@unrs/resolver-binding-linux-ppc64-gnu': [ '1.11.1' ],
195 silly audit   '@unrs/resolver-binding-linux-riscv64-gnu': [ '1.11.1' ],
195 silly audit   '@unrs/resolver-binding-linux-riscv64-musl': [ '1.11.1' ],
195 silly audit   '@unrs/resolver-binding-linux-s390x-gnu': [ '1.11.1' ],
195 silly audit   '@unrs/resolver-binding-linux-x64-gnu': [ '1.11.1' ],
195 silly audit   '@unrs/resolver-binding-linux-x64-musl': [ '1.11.1' ],
195 silly audit   '@unrs/resolver-binding-wasm32-wasi': [ '1.11.1' ],
195 silly audit   '@unrs/resolver-binding-win32-arm64-msvc': [ '1.11.1' ],
195 silly audit   '@unrs/resolver-binding-win32-ia32-msvc': [ '1.11.1' ],
195 silly audit   '@unrs/resolver-binding-win32-x64-msvc': [ '1.11.1' ],
195 silly audit   acorn: [ '8.15.0' ],
195 silly audit   'acorn-jsx': [ '5.3.2' ],
195 silly audit   ajv: [ '6.12.6' ],
195 silly audit   'ansi-styles': [ '4.3.0' ],
195 silly audit   argparse: [ '2.0.1' ],
195 silly audit   'aria-query': [ '5.3.2' ],
195 silly audit   'array-buffer-byte-length': [ '1.0.2' ],
195 silly audit   'array-includes': [ '3.1.9' ],
195 silly audit   'array.prototype.findlast': [ '1.2.5' ],
195 silly audit   'array.prototype.findlastindex': [ '1.2.6' ],
195 silly audit   'array.prototype.flat': [ '1.3.3' ],
195 silly audit   'array.prototype.flatmap': [ '1.3.3' ],
195 silly audit   'array.prototype.tosorted': [ '1.1.4' ],
195 silly audit   'arraybuffer.prototype.slice': [ '1.0.4' ],
195 silly audit   'ast-types-flow': [ '0.0.8' ],
195 silly audit   'async-function': [ '1.0.0' ],
195 silly audit   'available-typed-arrays': [ '1.0.7' ],
195 silly audit   'axe-core': [ '4.11.0' ],
195 silly audit   'axobject-query': [ '4.1.0' ],
195 silly audit   'balanced-match': [ '1.0.2' ],
195 silly audit   browserslist: [ '4.28.1' ],
195 silly audit   'call-bind': [ '1.0.8' ],
195 silly audit   'call-bind-apply-helpers': [ '1.0.2' ],
195 silly audit   'call-bound': [ '1.0.4' ],
195 silly audit   callsites: [ '3.1.0' ],
195 silly audit   'caniuse-lite': [ '1.0.30001761' ],
195 silly audit   chalk: [ '4.1.2' ],
195 silly audit   classnames: [ '2.5.1' ],
195 silly audit   'client-only': [ '0.0.1' ],
195 silly audit   clsx: [ '2.1.1' ],
195 silly audit   'color-convert': [ '2.0.1' ],
195 silly audit   'color-name': [ '1.1.4' ],
195 silly audit   'concat-map': [ '0.0.1' ],
195 silly audit   'convert-source-map': [ '2.0.0' ],
195 silly audit   cookie: [ '1.1.1' ],
195 silly audit   'cross-spawn': [ '7.0.6' ],
195 silly audit   csstype: [ '3.2.3' ],
195 silly audit   'd3-array': [ '3.2.4' ],
195 silly audit   'd3-color': [ '3.1.0' ],
195 silly audit   'd3-ease': [ '3.0.1' ],
195 silly audit   'd3-format': [ '3.1.0' ],
195 silly audit   'd3-interpolate': [ '3.0.1' ],
195 silly audit   'd3-path': [ '3.1.0' ],
195 silly audit   'd3-scale': [ '4.0.2' ],
195 silly audit   'd3-shape': [ '3.2.0' ],
195 silly audit   'd3-time': [ '3.1.0' ],
195 silly audit   'd3-time-format': [ '4.1.0' ],
195 silly audit   'd3-timer': [ '3.0.1' ],
195 silly audit   'damerau-levenshtein': [ '1.0.8' ],
195 silly audit   'data-view-buffer': [ '1.0.2' ],
195 silly audit   'data-view-byte-length': [ '1.0.2' ],
195 silly audit   'data-view-byte-offset': [ '1.0.1' ],
195 silly audit   debug: [ '4.4.3', '3.2.7' ],
195 silly audit   'decimal.js-light': [ '2.5.1' ],
195 silly audit   'deep-is': [ '0.1.4' ],
195 silly audit   'define-data-property': [ '1.1.4' ],
195 silly audit   'define-properties': [ '1.2.1' ],
195 silly audit   'detect-libc': [ '2.1.2' ],
195 silly audit   doctrine: [ '2.1.0' ],
195 silly audit   'dunder-proto': [ '1.0.1' ],
195 silly audit   'electron-to-chromium': [ '1.5.267' ],
195 silly audit   'emoji-regex': [ '9.2.2' ],
195 silly audit   'enhanced-resolve': [ '5.18.4' ],
195 silly audit   'es-abstract': [ '1.24.1' ],
195 silly audit   'es-define-property': [ '1.0.1' ],
195 silly audit   'es-errors': [ '1.3.0' ],
195 silly audit   'es-iterator-helpers': [ '1.2.2' ],
195 silly audit   'es-object-atoms': [ '1.1.1' ],
195 silly audit   'es-set-tostringtag': [ '2.1.0' ],
195 silly audit   'es-shim-unscopables': [ '1.1.0' ],
195 silly audit   'es-to-primitive': [ '1.3.0' ],
195 silly audit   'es-toolkit': [ '1.43.0' ],
195 silly audit   escalade: [ '3.2.0' ],
195 silly audit   'escape-string-regexp': [ '4.0.0' ],
195 silly audit   eslint: [ '9.39.2' ],
195 silly audit   globals: [ '14.0.0', '16.4.0' ],
195 silly audit   'eslint-import-resolver-node': [ '0.3.9' ],
195 silly audit   'eslint-import-resolver-typescript': [ '3.10.1' ],
195 silly audit   'eslint-module-utils': [ '2.12.1' ],
195 silly audit   'eslint-plugin-import': [ '2.32.0' ],
195 silly audit   'eslint-plugin-jsx-a11y': [ '6.10.2' ],
195 silly audit   'eslint-plugin-react': [ '7.37.5' ],
195 silly audit   'eslint-plugin-react-hooks': [ '7.0.1' ],
195 silly audit   resolve: [ '2.0.0-next.5', '1.22.11' ],
195 silly audit   'eslint-scope': [ '8.4.0' ],
195 silly audit   espree: [ '10.4.0' ],
195 silly audit   esquery: [ '1.6.0' ],
195 silly audit   esrecurse: [ '4.3.0' ],
195 silly audit   estraverse: [ '5.3.0' ],
195 silly audit   esutils: [ '2.0.3' ],
195 silly audit   eventemitter3: [ '5.0.1' ],
195 silly audit   'fast-deep-equal': [ '3.1.3' ],
195 silly audit   'fast-diff': [ '1.3.0' ],
195 silly audit   'glob-parent': [ '6.0.2', '5.1.2' ],
195 silly audit   'fast-json-stable-stringify': [ '2.1.0' ],
195 silly audit   'fast-levenshtein': [ '2.0.6' ],
195 silly audit   'file-entry-cache': [ '8.0.0' ],
195 silly audit   'find-up': [ '5.0.0' ],
195 silly audit   'flat-cache': [ '4.0.1' ],
195 silly audit   flatted: [ '3.3.3' ],
195 silly audit   'for-each': [ '0.3.5' ],
195 silly audit   'function-bind': [ '1.1.2' ],
195 silly audit   'function.prototype.name': [ '1.1.8' ],
195 silly audit   'functions-have-names': [ '1.2.3' ],
195 silly audit   'generator-function': [ '2.0.1' ],
195 silly audit   gensync: [ '1.0.0-beta.2' ],
195 silly audit   'get-intrinsic': [ '1.3.0' ],
195 silly audit   'get-proto': [ '1.0.1' ],
195 silly audit   'get-symbol-description': [ '1.1.0' ],
195 silly audit   'get-tsconfig': [ '4.13.0' ],
195 silly audit   globalthis: [ '1.0.4' ],
195 silly audit   gopd: [ '1.2.0' ],
195 silly audit   'graceful-fs': [ '4.2.11' ],
195 silly audit   'has-bigints': [ '1.1.0' ],
195 silly audit   'has-flag': [ '4.0.0' ],
195 silly audit   'has-property-descriptors': [ '1.0.2' ],
195 silly audit   'has-proto': [ '1.2.0' ],
195 silly audit   'has-symbols': [ '1.1.0' ],
195 silly audit   'has-tostringtag': [ '1.0.2' ],
195 silly audit   hasown: [ '2.0.2' ],
195 silly audit   'hermes-estree': [ '0.25.1' ],
195 silly audit   'hermes-parser': [ '0.25.1' ],
195 silly audit   'iceberg-js': [ '0.8.1' ],
195 silly audit   'import-fresh': [ '3.3.1' ],
195 silly audit   imurmurhash: [ '0.1.4' ],
195 silly audit   'internal-slot': [ '1.1.0' ],
195 silly audit   internmap: [ '2.0.3' ],
195 silly audit   'is-array-buffer': [ '3.0.5' ],
195 silly audit   'is-async-function': [ '2.1.1' ],
195 silly audit   'is-bigint': [ '1.1.0' ],
195 silly audit   'is-boolean-object': [ '1.2.2' ],
195 silly audit   'is-bun-module': [ '2.0.0' ],
195 silly audit   'is-callable': [ '1.2.7' ],
195 silly audit   'is-core-module': [ '2.16.1' ],
195 silly audit   'is-data-view': [ '1.0.2' ],
195 silly audit   'is-date-object': [ '1.1.0' ],
195 silly audit   'is-extglob': [ '2.1.1' ],
195 silly audit   'is-finalizationregistry': [ '1.1.1' ],
195 silly audit   'is-generator-function': [ '1.1.2' ],
195 silly audit   'is-glob': [ '4.0.3' ],
195 silly audit   'is-map': [ '2.0.3' ],
195 silly audit   'is-negative-zero': [ '2.0.3' ],
195 silly audit   'is-number-object': [ '1.1.1' ],
195 silly audit   'is-regex': [ '1.2.1' ],
195 silly audit   'is-set': [ '2.0.3' ],
195 silly audit   'is-shared-array-buffer': [ '1.0.4' ],
195 silly audit   'is-string': [ '1.1.1' ],
195 silly audit   'is-symbol': [ '1.1.1' ],
195 silly audit   'is-typed-array': [ '1.1.15' ],
195 silly audit   'is-weakmap': [ '2.0.2' ],
195 silly audit   'is-weakref': [ '1.1.1' ],
195 silly audit   'is-weakset': [ '2.0.4' ],
195 silly audit   isarray: [ '2.0.5' ],
195 silly audit   isexe: [ '2.0.0' ],
195 silly audit   'iterator.prototype': [ '1.1.5' ],
195 silly audit   jiti: [ '2.6.1' ],
195 silly audit   'js-tokens': [ '4.0.0' ],
195 silly audit   'js-yaml': [ '4.1.1' ],
195 silly audit   jsesc: [ '3.1.0' ],
195 silly audit   'json-buffer': [ '3.0.1' ],
195 silly audit   'json-schema-traverse': [ '0.4.1' ],
195 silly audit   'json-stable-stringify-without-jsonify': [ '1.0.1' ],
195 silly audit   json5: [ '2.2.3', '1.0.2' ],
195 silly audit   'jsx-ast-utils': [ '3.3.5' ],
195 silly audit   keyv: [ '4.5.4' ],
195 silly audit   'language-subtag-registry': [ '0.3.23' ],
195 silly audit   'language-tags': [ '1.0.9' ],
195 silly audit   levn: [ '0.4.1' ],
195 silly audit   lightningcss: [ '1.30.2' ],
195 silly audit   'lightningcss-android-arm64': [ '1.30.2' ],
195 silly audit   'lightningcss-darwin-arm64': [ '1.30.2' ],
195 silly audit   'lightningcss-darwin-x64': [ '1.30.2' ],
195 silly audit   'lightningcss-freebsd-x64': [ '1.30.2' ],
195 silly audit   'lightningcss-linux-arm-gnueabihf': [ '1.30.2' ],
195 silly audit   'lightningcss-linux-arm64-gnu': [ '1.30.2' ],
195 silly audit   'lightningcss-linux-arm64-musl': [ '1.30.2' ],
195 silly audit   'lightningcss-linux-x64-gnu': [ '1.30.2' ],
195 silly audit   'lightningcss-linux-x64-musl': [ '1.30.2' ],
195 silly audit   'lightningcss-win32-arm64-msvc': [ '1.30.2' ],
195 silly audit   'lightningcss-win32-x64-msvc': [ '1.30.2' ],
195 silly audit   'locate-path': [ '6.0.0' ],
195 silly audit   'lodash-es': [ '4.17.22' ],
195 silly audit   'lodash.clonedeep': [ '4.5.0' ],
195 silly audit   'lodash.isequal': [ '4.5.0' ],
195 silly audit   'lodash.merge': [ '4.6.2' ],
195 silly audit   'loose-envify': [ '1.4.0' ],
195 silly audit   'lru-cache': [ '5.1.1' ],
195 silly audit   'magic-string': [ '0.30.21' ],
195 silly audit   'math-intrinsics': [ '1.1.0' ],
195 silly audit   minimist: [ '1.2.8' ],
195 silly audit   ms: [ '2.1.3' ],
195 silly audit   nanoid: [ '3.3.11' ],
195 silly audit   'napi-postinstall': [ '0.3.4' ],
195 silly audit   'natural-compare': [ '1.4.0' ],
195 silly audit   postcss: [ '8.5.6', '8.4.31' ],
195 silly audit   'node-releases': [ '2.0.27' ],
195 silly audit   'object-assign': [ '4.1.1' ],
195 silly audit   'object-inspect': [ '1.13.4' ],
195 silly audit   'object-keys': [ '1.1.1' ],
195 silly audit   'object.assign': [ '4.1.7' ],
195 silly audit   'object.entries': [ '1.1.9' ],
195 silly audit   'object.fromentries': [ '2.0.8' ],
195 silly audit   'object.groupby': [ '1.0.3' ],
195 silly audit   'object.values': [ '1.2.1' ],
195 silly audit   optionator: [ '0.9.4' ],
195 silly audit   'own-keys': [ '1.0.1' ],
195 silly audit   'p-limit': [ '3.1.0' ],
195 silly audit   'p-locate': [ '5.0.0' ],
195 silly audit   parchment: [ '3.0.0' ],
195 silly audit   'parent-module': [ '1.0.1' ],
195 silly audit   'path-exists': [ '4.0.0' ],
195 silly audit   'path-key': [ '3.1.1' ],
195 silly audit   'path-parse': [ '1.0.7' ],
195 silly audit   picocolors: [ '1.1.1' ],
195 silly audit   picomatch: [ '4.0.3', '2.3.1' ],
195 silly audit   'possible-typed-array-names': [ '1.1.0' ],
195 silly audit   'prelude-ls': [ '1.2.1' ],
195 silly audit   'prop-types': [ '15.8.1' ],
195 silly audit   punycode: [ '2.3.1' ],
195 silly audit   quill: [ '2.0.3' ],
195 silly audit   'quill-delta': [ '5.1.0' ],
195 silly audit   react: [ '19.2.0' ],
195 silly audit   'react-dom': [ '19.2.0' ],
195 silly audit   'react-hook-form': [ '7.69.0' ],
195 silly audit   'react-is': [ '16.13.1' ],
195 silly audit   'react-quill-new': [ '3.7.0' ],
195 silly audit   'react-redux': [ '9.2.0' ],
195 silly audit   recharts: [ '3.6.0' ],
195 silly audit   redux: [ '5.0.1' ],
195 silly audit   'redux-thunk': [ '3.1.0' ],
195 silly audit   'reflect.getprototypeof': [ '1.0.10' ],
195 silly audit   'regexp.prototype.flags': [ '1.5.4' ],
195 silly audit   reselect: [ '5.1.1' ],
195 silly audit   'resolve-from': [ '4.0.0' ],
195 silly audit   'resolve-pkg-maps': [ '1.0.0' ],
195 silly audit   'safe-array-concat': [ '1.1.3' ],
195 silly audit   'safe-push-apply': [ '1.0.0' ],
195 silly audit   'safe-regex-test': [ '1.1.0' ],
195 silly audit   scheduler: [ '0.27.0' ],
195 silly audit   'set-function-length': [ '1.2.2' ],
195 silly audit   'set-function-name': [ '2.0.2' ],
195 silly audit   'set-proto': [ '1.0.0' ],
195 silly audit   sharp: [ '0.34.5' ],
195 silly audit   'shebang-command': [ '2.0.0' ],
195 silly audit   'shebang-regex': [ '3.0.0' ],
195 silly audit   'side-channel': [ '1.1.0' ],
195 silly audit   'side-channel-list': [ '1.0.0' ],
195 silly audit   'side-channel-map': [ '1.0.1' ],
195 silly audit   'side-channel-weakmap': [ '1.0.2' ],
195 silly audit   'source-map-js': [ '1.2.1' ],
195 silly audit   'stable-hash': [ '0.0.5' ],
195 silly audit   'stop-iteration-iterator': [ '1.1.0' ],
195 silly audit   'string.prototype.includes': [ '2.0.1' ],
195 silly audit   'string.prototype.matchall': [ '4.0.12' ],
195 silly audit   'string.prototype.repeat': [ '1.0.0' ],
195 silly audit   'string.prototype.trim': [ '1.2.10' ],
195 silly audit   'string.prototype.trimend': [ '1.0.9' ],
195 silly audit   'string.prototype.trimstart': [ '1.0.8' ],
195 silly audit   'strip-bom': [ '3.0.0' ],
195 silly audit   'strip-json-comments': [ '3.1.1' ],
195 silly audit   'styled-jsx': [ '5.1.6' ],
195 silly audit   'supports-color': [ '7.2.0' ],
195 silly audit   'supports-preserve-symlinks-flag': [ '1.0.0' ],
195 silly audit   tailwindcss: [ '4.1.18' ],
195 silly audit   tapable: [ '2.3.0' ],
195 silly audit   'tiny-invariant': [ '1.3.3' ],
195 silly audit   tinyglobby: [ '0.2.15' ],
195 silly audit   fdir: [ '6.5.0' ],
195 silly audit   'ts-api-utils': [ '2.1.0' ],
195 silly audit   'tsconfig-paths': [ '3.15.0' ],
195 silly audit   tslib: [ '2.8.1' ],
195 silly audit   'type-check': [ '0.4.0' ],
195 silly audit   'typed-array-buffer': [ '1.0.3' ],
195 silly audit   'typed-array-byte-length': [ '1.0.3' ],
195 silly audit   'typed-array-byte-offset': [ '1.0.4' ],
195 silly audit   'typed-array-length': [ '1.0.7' ],
195 silly audit   typescript: [ '5.9.3' ],
195 silly audit   'typescript-eslint': [ '8.50.1' ],
195 silly audit   'unbox-primitive': [ '1.1.0' ],
195 silly audit   'undici-types': [ '6.21.0' ],
195 silly audit   'unrs-resolver': [ '1.11.1' ],
195 silly audit   'update-browserslist-db': [ '1.2.3' ],
195 silly audit   'uri-js': [ '4.4.1' ],
195 silly audit   'use-sync-external-store': [ '1.6.0' ],
195 silly audit   'victory-vendor': [ '37.3.6' ],
195 silly audit   which: [ '2.0.2' ],
195 silly audit   'which-boxed-primitive': [ '1.1.1' ],
195 silly audit   'which-builtin-type': [ '1.2.1' ],
195 silly audit   'which-collection': [ '1.0.2' ],
195 silly audit   'which-typed-array': [ '1.1.19' ],
195 silly audit   'word-wrap': [ '1.2.5' ],
195 silly audit   ws: [ '8.18.3' ],
195 silly audit   yallist: [ '3.1.1' ],
195 silly audit   'yocto-queue': [ '0.1.0' ],
195 silly audit   zod: [ '4.3.5' ],
195 silly audit   'zod-validation-error': [ '4.0.2' ],
195 silly audit   zustand: [ '5.0.9' ],
195 silly audit   'eslint-config-next': [ '16.1.7' ],
195 silly audit   next: [ '16.1.7' ],
195 silly audit   '@next/eslint-plugin-next': [ '16.1.7' ],
195 silly audit   'fast-glob': [ '3.3.1' ],
195 silly audit   '@nodelib/fs.stat': [ '2.0.5' ],
195 silly audit   '@nodelib/fs.walk': [ '1.2.8' ],
195 silly audit   merge2: [ '1.4.1' ],
195 silly audit   micromatch: [ '4.0.8' ],
195 silly audit   '@nodelib/fs.scandir': [ '2.1.5' ],
195 silly audit   fastq: [ '1.20.1' ],
195 silly audit   'run-parallel': [ '1.2.0' ],
195 silly audit   reusify: [ '1.1.0' ],
195 silly audit   braces: [ '3.0.3' ],
195 silly audit   'fill-range': [ '7.1.1' ],
195 silly audit   'to-regex-range': [ '5.0.1' ],
195 silly audit   '@next/env': [ '16.1.7' ],
195 silly audit   '@next/swc-darwin-arm64': [ '16.1.7' ],
195 silly audit   '@next/swc-darwin-x64': [ '16.1.7' ],
195 silly audit   '@next/swc-linux-arm64-gnu': [ '16.1.7' ],
195 silly audit   '@next/swc-linux-arm64-musl': [ '16.1.7' ],
195 silly audit   '@next/swc-linux-x64-gnu': [ '16.1.7' ],
195 silly audit   '@next/swc-linux-x64-musl': [ '16.1.7' ],
195 silly audit   '@next/swc-win32-arm64-msvc': [ '16.1.7' ],
195 silly audit   '@next/swc-win32-x64-msvc': [ '16.1.7' ],
195 silly audit   'baseline-browser-mapping': [ '2.10.8' ],
195 silly audit   'queue-microtask': [ '1.2.3' ],
195 silly audit   'is-number': [ '7.0.0' ],
195 silly audit   '@tailwindcss/oxide-wasm32-wasi': [ '4.1.18' ]
195 silly audit }
196 verbose reify failed optional dependency /Users/apple/Documents/GitHub/KT-Market-1/node_modules/@next/swc-win32-x64-msvc
197 silly reify mark deleted [
197 silly reify   '/Users/apple/Documents/GitHub/KT-Market-1/node_modules/@next/swc-win32-x64-msvc'
197 silly reify ]
198 verbose reify failed optional dependency /Users/apple/Documents/GitHub/KT-Market-1/node_modules/@next/swc-win32-arm64-msvc
199 silly reify mark deleted [
199 silly reify   '/Users/apple/Documents/GitHub/KT-Market-1/node_modules/@next/swc-win32-arm64-msvc'
199 silly reify ]
200 verbose reify failed optional dependency /Users/apple/Documents/GitHub/KT-Market-1/node_modules/@next/swc-linux-x64-musl
201 silly reify mark deleted [
201 silly reify   '/Users/apple/Documents/GitHub/KT-Market-1/node_modules/@next/swc-linux-x64-musl'
201 silly reify ]
202 verbose reify failed optional dependency /Users/apple/Documents/GitHub/KT-Market-1/node_modules/@next/swc-linux-x64-gnu
203 silly reify mark deleted [
203 silly reify   '/Users/apple/Documents/GitHub/KT-Market-1/node_modules/@next/swc-linux-x64-gnu'
203 silly reify ]
204 verbose reify failed optional dependency /Users/apple/Documents/GitHub/KT-Market-1/node_modules/@next/swc-linux-arm64-musl
205 silly reify mark deleted [
205 silly reify   '/Users/apple/Documents/GitHub/KT-Market-1/node_modules/@next/swc-linux-arm64-musl'
205 silly reify ]
206 verbose reify failed optional dependency /Users/apple/Documents/GitHub/KT-Market-1/node_modules/@next/swc-linux-arm64-gnu
207 silly reify mark deleted [
207 silly reify   '/Users/apple/Documents/GitHub/KT-Market-1/node_modules/@next/swc-linux-arm64-gnu'
207 silly reify ]
208 verbose reify failed optional dependency /Users/apple/Documents/GitHub/KT-Market-1/node_modules/@next/swc-darwin-x64
209 silly reify mark deleted [
209 silly reify   '/Users/apple/Documents/GitHub/KT-Market-1/node_modules/@next/swc-darwin-x64'
209 silly reify ]
210 verbose reify failed optional dependency /Users/apple/Documents/GitHub/KT-Market-1/node_modules/lightningcss-win32-x64-msvc
211 silly reify mark deleted [
211 silly reify   '/Users/apple/Documents/GitHub/KT-Market-1/node_modules/lightningcss-win32-x64-msvc'
211 silly reify ]
212 verbose reify failed optional dependency /Users/apple/Documents/GitHub/KT-Market-1/node_modules/lightningcss-win32-arm64-msvc
213 silly reify mark deleted [
213 silly reify   '/Users/apple/Documents/GitHub/KT-Market-1/node_modules/lightningcss-win32-arm64-msvc'
213 silly reify ]
214 verbose reify failed optional dependency /Users/apple/Documents/GitHub/KT-Market-1/node_modules/lightningcss-linux-x64-musl
215 silly reify mark deleted [
215 silly reify   '/Users/apple/Documents/GitHub/KT-Market-1/node_modules/lightningcss-linux-x64-musl'
215 silly reify ]
216 verbose reify failed optional dependency /Users/apple/Documents/GitHub/KT-Market-1/node_modules/lightningcss-linux-x64-gnu
217 silly reify mark deleted [
217 silly reify   '/Users/apple/Documents/GitHub/KT-Market-1/node_modules/lightningcss-linux-x64-gnu'
217 silly reify ]
218 verbose reify failed optional dependency /Users/apple/Documents/GitHub/KT-Market-1/node_modules/lightningcss-linux-arm64-musl
219 silly reify mark deleted [
219 silly reify   '/Users/apple/Documents/GitHub/KT-Market-1/node_modules/lightningcss-linux-arm64-musl'
219 silly reify ]
220 verbose reify failed optional dependency /Users/apple/Documents/GitHub/KT-Market-1/node_modules/lightningcss-linux-arm64-gnu
221 silly reify mark deleted [
221 silly reify   '/Users/apple/Documents/GitHub/KT-Market-1/node_modules/lightningcss-linux-arm64-gnu'
221 silly reify ]
222 verbose reify failed optional dependency /Users/apple/Documents/GitHub/KT-Market-1/node_modules/lightningcss-linux-arm-gnueabihf
223 silly reify mark deleted [
223 silly reify   '/Users/apple/Documents/GitHub/KT-Market-1/node_modules/lightningcss-linux-arm-gnueabihf'
223 silly reify ]
224 verbose reify failed optional dependency /Users/apple/Documents/GitHub/KT-Market-1/node_modules/lightningcss-freebsd-x64
225 silly reify mark deleted [
225 silly reify   '/Users/apple/Documents/GitHub/KT-Market-1/node_modules/lightningcss-freebsd-x64'
225 silly reify ]
226 verbose reify failed optional dependency /Users/apple/Documents/GitHub/KT-Market-1/node_modules/lightningcss-darwin-x64
227 silly reify mark deleted [
227 silly reify   '/Users/apple/Documents/GitHub/KT-Market-1/node_modules/lightningcss-darwin-x64'
227 silly reify ]
228 verbose reify failed optional dependency /Users/apple/Documents/GitHub/KT-Market-1/node_modules/lightningcss-android-arm64
229 silly reify mark deleted [
229 silly reify   '/Users/apple/Documents/GitHub/KT-Market-1/node_modules/lightningcss-android-arm64'
229 silly reify ]
230 verbose reify failed optional dependency /Users/apple/Documents/GitHub/KT-Market-1/node_modules/@unrs/resolver-binding-win32-x64-msvc
231 silly reify mark deleted [
231 silly reify   '/Users/apple/Documents/GitHub/KT-Market-1/node_modules/@unrs/resolver-binding-win32-x64-msvc'
231 silly reify ]
232 verbose reify failed optional dependency /Users/apple/Documents/GitHub/KT-Market-1/node_modules/@unrs/resolver-binding-win32-ia32-msvc
233 silly reify mark deleted [
233 silly reify   '/Users/apple/Documents/GitHub/KT-Market-1/node_modules/@unrs/resolver-binding-win32-ia32-msvc'
233 silly reify ]
234 verbose reify failed optional dependency /Users/apple/Documents/GitHub/KT-Market-1/node_modules/@unrs/resolver-binding-win32-arm64-msvc
235 silly reify mark deleted [
235 silly reify   '/Users/apple/Documents/GitHub/KT-Market-1/node_modules/@unrs/resolver-binding-win32-arm64-msvc'
235 silly reify ]
236 verbose reify failed optional dependency /Users/apple/Documents/GitHub/KT-Market-1/node_modules/@unrs/resolver-binding-wasm32-wasi
237 silly reify mark deleted [
237 silly reify   '/Users/apple/Documents/GitHub/KT-Market-1/node_modules/@unrs/resolver-binding-wasm32-wasi'
237 silly reify ]
238 verbose reify failed optional dependency /Users/apple/Documents/GitHub/KT-Market-1/node_modules/@unrs/resolver-binding-linux-x64-musl
239 silly reify mark deleted [
239 silly reify   '/Users/apple/Documents/GitHub/KT-Market-1/node_modules/@unrs/resolver-binding-linux-x64-musl'
239 silly reify ]
240 verbose reify failed optional dependency /Users/apple/Documents/GitHub/KT-Market-1/node_modules/@unrs/resolver-binding-linux-x64-gnu
241 silly reify mark deleted [
241 silly reify   '/Users/apple/Documents/GitHub/KT-Market-1/node_modules/@unrs/resolver-binding-linux-x64-gnu'
241 silly reify ]
242 verbose reify failed optional dependency /Users/apple/Documents/GitHub/KT-Market-1/node_modules/@unrs/resolver-binding-linux-s390x-gnu
243 silly reify mark deleted [
243 silly reify   '/Users/apple/Documents/GitHub/KT-Market-1/node_modules/@unrs/resolver-binding-linux-s390x-gnu'
243 silly reify ]
244 verbose reify failed optional dependency /Users/apple/Documents/GitHub/KT-Market-1/node_modules/@unrs/resolver-binding-linux-riscv64-musl
245 silly reify mark deleted [
245 silly reify   '/Users/apple/Documents/GitHub/KT-Market-1/node_modules/@unrs/resolver-binding-linux-riscv64-musl'
245 silly reify ]
246 verbose reify failed optional dependency /Users/apple/Documents/GitHub/KT-Market-1/node_modules/@unrs/resolver-binding-linux-riscv64-gnu
247 silly reify mark deleted [
247 silly reify   '/Users/apple/Documents/GitHub/KT-Market-1/node_modules/@unrs/resolver-binding-linux-riscv64-gnu'
247 silly reify ]
248 verbose reify failed optional dependency /Users/apple/Documents/GitHub/KT-Market-1/node_modules/@unrs/resolver-binding-linux-ppc64-gnu
249 silly reify mark deleted [
249 silly reify   '/Users/apple/Documents/GitHub/KT-Market-1/node_modules/@unrs/resolver-binding-linux-ppc64-gnu'
249 silly reify ]
250 verbose reify failed optional dependency /Users/apple/Documents/GitHub/KT-Market-1/node_modules/@unrs/resolver-binding-linux-arm64-musl
251 silly reify mark deleted [
251 silly reify   '/Users/apple/Documents/GitHub/KT-Market-1/node_modules/@unrs/resolver-binding-linux-arm64-musl'
251 silly reify ]
252 verbose reify failed optional dependency /Users/apple/Documents/GitHub/KT-Market-1/node_modules/@unrs/resolver-binding-linux-arm64-gnu
253 silly reify mark deleted [
253 silly reify   '/Users/apple/Documents/GitHub/KT-Market-1/node_modules/@unrs/resolver-binding-linux-arm64-gnu'
253 silly reify ]
254 verbose reify failed optional dependency /Users/apple/Documents/GitHub/KT-Market-1/node_modules/@unrs/resolver-binding-linux-arm-musleabihf
255 silly reify mark deleted [
255 silly reify   '/Users/apple/Documents/GitHub/KT-Market-1/node_modules/@unrs/resolver-binding-linux-arm-musleabihf'
255 silly reify ]
256 verbose reify failed optional dependency /Users/apple/Documents/GitHub/KT-Market-1/node_modules/@unrs/resolver-binding-linux-arm-gnueabihf
257 silly reify mark deleted [
257 silly reify   '/Users/apple/Documents/GitHub/KT-Market-1/node_modules/@unrs/resolver-binding-linux-arm-gnueabihf'
257 silly reify ]
258 verbose reify failed optional dependency /Users/apple/Documents/GitHub/KT-Market-1/node_modules/@unrs/resolver-binding-freebsd-x64
259 silly reify mark deleted [
259 silly reify   '/Users/apple/Documents/GitHub/KT-Market-1/node_modules/@unrs/resolver-binding-freebsd-x64'
259 silly reify ]
260 verbose reify failed optional dependency /Users/apple/Documents/GitHub/KT-Market-1/node_modules/@unrs/resolver-binding-darwin-x64
261 silly reify mark deleted [
261 silly reify   '/Users/apple/Documents/GitHub/KT-Market-1/node_modules/@unrs/resolver-binding-darwin-x64'
261 silly reify ]
262 verbose reify failed optional dependency /Users/apple/Documents/GitHub/KT-Market-1/node_modules/@unrs/resolver-binding-android-arm64
263 silly reify mark deleted [
263 silly reify   '/Users/apple/Documents/GitHub/KT-Market-1/node_modules/@unrs/resolver-binding-android-arm64'
263 silly reify ]
264 verbose reify failed optional dependency /Users/apple/Documents/GitHub/KT-Market-1/node_modules/@unrs/resolver-binding-android-arm-eabi
265 silly reify mark deleted [
265 silly reify   '/Users/apple/Documents/GitHub/KT-Market-1/node_modules/@unrs/resolver-binding-android-arm-eabi'
265 silly reify ]
266 verbose reify failed optional dependency /Users/apple/Documents/GitHub/KT-Market-1/node_modules/@tailwindcss/oxide-win32-x64-msvc
267 silly reify mark deleted [
267 silly reify   '/Users/apple/Documents/GitHub/KT-Market-1/node_modules/@tailwindcss/oxide-win32-x64-msvc'
267 silly reify ]
268 verbose reify failed optional dependency /Users/apple/Documents/GitHub/KT-Market-1/node_modules/@tailwindcss/oxide-win32-arm64-msvc
269 silly reify mark deleted [
269 silly reify   '/Users/apple/Documents/GitHub/KT-Market-1/node_modules/@tailwindcss/oxide-win32-arm64-msvc'
269 silly reify ]
270 verbose reify failed optional dependency /Users/apple/Documents/GitHub/KT-Market-1/node_modules/@tailwindcss/oxide-linux-x64-musl
271 silly reify mark deleted [
271 silly reify   '/Users/apple/Documents/GitHub/KT-Market-1/node_modules/@tailwindcss/oxide-linux-x64-musl'
271 silly reify ]
272 verbose reify failed optional dependency /Users/apple/Documents/GitHub/KT-Market-1/node_modules/@tailwindcss/oxide-linux-x64-gnu
273 silly reify mark deleted [
273 silly reify   '/Users/apple/Documents/GitHub/KT-Market-1/node_modules/@tailwindcss/oxide-linux-x64-gnu'
273 silly reify ]
274 verbose reify failed optional dependency /Users/apple/Documents/GitHub/KT-Market-1/node_modules/@tailwindcss/oxide-linux-arm64-musl
275 silly reify mark deleted [
275 silly reify   '/Users/apple/Documents/GitHub/KT-Market-1/node_modules/@tailwindcss/oxide-linux-arm64-musl'
275 silly reify ]
276 verbose reify failed optional dependency /Users/apple/Documents/GitHub/KT-Market-1/node_modules/@tailwindcss/oxide-linux-arm64-gnu
277 silly reify mark deleted [
277 silly reify   '/Users/apple/Documents/GitHub/KT-Market-1/node_modules/@tailwindcss/oxide-linux-arm64-gnu'
277 silly reify ]
278 verbose reify failed optional dependency /Users/apple/Documents/GitHub/KT-Market-1/node_modules/@tailwindcss/oxide-linux-arm-gnueabihf
279 silly reify mark deleted [
279 silly reify   '/Users/apple/Documents/GitHub/KT-Market-1/node_modules/@tailwindcss/oxide-linux-arm-gnueabihf'
279 silly reify ]
280 verbose reify failed optional dependency /Users/apple/Documents/GitHub/KT-Market-1/node_modules/@tailwindcss/oxide-freebsd-x64
281 silly reify mark deleted [
281 silly reify   '/Users/apple/Documents/GitHub/KT-Market-1/node_modules/@tailwindcss/oxide-freebsd-x64'
281 silly reify ]
282 verbose reify failed optional dependency /Users/apple/Documents/GitHub/KT-Market-1/node_modules/@tailwindcss/oxide-darwin-x64
283 silly reify mark deleted [
283 silly reify   '/Users/apple/Documents/GitHub/KT-Market-1/node_modules/@tailwindcss/oxide-darwin-x64'
283 silly reify ]
284 verbose reify failed optional dependency /Users/apple/Documents/GitHub/KT-Market-1/node_modules/@tailwindcss/oxide-android-arm64
285 silly reify mark deleted [
285 silly reify   '/Users/apple/Documents/GitHub/KT-Market-1/node_modules/@tailwindcss/oxide-android-arm64'
285 silly reify ]
286 verbose reify failed optional dependency /Users/apple/Documents/GitHub/KT-Market-1/node_modules/@img/sharp-win32-x64
287 silly reify mark deleted [
287 silly reify   '/Users/apple/Documents/GitHub/KT-Market-1/node_modules/@img/sharp-win32-x64'
287 silly reify ]
288 verbose reify failed optional dependency /Users/apple/Documents/GitHub/KT-Market-1/node_modules/@img/sharp-win32-ia32
289 silly reify mark deleted [
289 silly reify   '/Users/apple/Documents/GitHub/KT-Market-1/node_modules/@img/sharp-win32-ia32'
289 silly reify ]
290 verbose reify failed optional dependency /Users/apple/Documents/GitHub/KT-Market-1/node_modules/@img/sharp-win32-arm64
291 silly reify mark deleted [
291 silly reify   '/Users/apple/Documents/GitHub/KT-Market-1/node_modules/@img/sharp-win32-arm64'
291 silly reify ]
292 verbose reify failed optional dependency /Users/apple/Documents/GitHub/KT-Market-1/node_modules/@img/sharp-wasm32
293 silly reify mark deleted [
293 silly reify   '/Users/apple/Documents/GitHub/KT-Market-1/node_modules/@img/sharp-wasm32'
293 silly reify ]
294 verbose reify failed optional dependency /Users/apple/Documents/GitHub/KT-Market-1/node_modules/@img/sharp-linuxmusl-x64
295 silly reify mark deleted [
295 silly reify   '/Users/apple/Documents/GitHub/KT-Market-1/node_modules/@img/sharp-linuxmusl-x64'
295 silly reify ]
296 verbose reify failed optional dependency /Users/apple/Documents/GitHub/KT-Market-1/node_modules/@img/sharp-linuxmusl-arm64
297 silly reify mark deleted [
297 silly reify   '/Users/apple/Documents/GitHub/KT-Market-1/node_modules/@img/sharp-linuxmusl-arm64'
297 silly reify ]
298 verbose reify failed optional dependency /Users/apple/Documents/GitHub/KT-Market-1/node_modules/@img/sharp-linux-x64
299 silly reify mark deleted [
299 silly reify   '/Users/apple/Documents/GitHub/KT-Market-1/node_modules/@img/sharp-linux-x64'
299 silly reify ]
300 verbose reify failed optional dependency /Users/apple/Documents/GitHub/KT-Market-1/node_modules/@img/sharp-linux-s390x
301 silly reify mark deleted [
301 silly reify   '/Users/apple/Documents/GitHub/KT-Market-1/node_modules/@img/sharp-linux-s390x'
301 silly reify ]
302 verbose reify failed optional dependency /Users/apple/Documents/GitHub/KT-Market-1/node_modules/@img/sharp-linux-riscv64
303 silly reify mark deleted [
303 silly reify   '/Users/apple/Documents/GitHub/KT-Market-1/node_modules/@img/sharp-linux-riscv64'
303 silly reify ]
304 verbose reify failed optional dependency /Users/apple/Documents/GitHub/KT-Market-1/node_modules/@img/sharp-linux-ppc64
305 silly reify mark deleted [
305 silly reify   '/Users/apple/Documents/GitHub/KT-Market-1/node_modules/@img/sharp-linux-ppc64'
305 silly reify ]
306 verbose reify failed optional dependency /Users/apple/Documents/GitHub/KT-Market-1/node_modules/@img/sharp-linux-arm64
307 silly reify mark deleted [
307 silly reify   '/Users/apple/Documents/GitHub/KT-Market-1/node_modules/@img/sharp-linux-arm64'
307 silly reify ]
308 verbose reify failed optional dependency /Users/apple/Documents/GitHub/KT-Market-1/node_modules/@img/sharp-linux-arm
309 silly reify mark deleted [
309 silly reify   '/Users/apple/Documents/GitHub/KT-Market-1/node_modules/@img/sharp-linux-arm'
309 silly reify ]
310 verbose reify failed optional dependency /Users/apple/Documents/GitHub/KT-Market-1/node_modules/@img/sharp-libvips-linuxmusl-x64
311 silly reify mark deleted [
311 silly reify   '/Users/apple/Documents/GitHub/KT-Market-1/node_modules/@img/sharp-libvips-linuxmusl-x64'
311 silly reify ]
312 verbose reify failed optional dependency /Users/apple/Documents/GitHub/KT-Market-1/node_modules/@img/sharp-libvips-linuxmusl-arm64
313 silly reify mark deleted [
313 silly reify   '/Users/apple/Documents/GitHub/KT-Market-1/node_modules/@img/sharp-libvips-linuxmusl-arm64'
313 silly reify ]
314 verbose reify failed optional dependency /Users/apple/Documents/GitHub/KT-Market-1/node_modules/@img/sharp-libvips-linux-x64
315 silly reify mark deleted [
315 silly reify   '/Users/apple/Documents/GitHub/KT-Market-1/node_modules/@img/sharp-libvips-linux-x64'
315 silly reify ]
316 verbose reify failed optional dependency /Users/apple/Documents/GitHub/KT-Market-1/node_modules/@img/sharp-libvips-linux-s390x
317 silly reify mark deleted [
317 silly reify   '/Users/apple/Documents/GitHub/KT-Market-1/node_modules/@img/sharp-libvips-linux-s390x'
317 silly reify ]
318 verbose reify failed optional dependency /Users/apple/Documents/GitHub/KT-Market-1/node_modules/@img/sharp-libvips-linux-riscv64
319 silly reify mark deleted [
319 silly reify   '/Users/apple/Documents/GitHub/KT-Market-1/node_modules/@img/sharp-libvips-linux-riscv64'
319 silly reify ]
320 verbose reify failed optional dependency /Users/apple/Documents/GitHub/KT-Market-1/node_modules/@img/sharp-libvips-linux-ppc64
321 silly reify mark deleted [
321 silly reify   '/Users/apple/Documents/GitHub/KT-Market-1/node_modules/@img/sharp-libvips-linux-ppc64'
321 silly reify ]
322 verbose reify failed optional dependency /Users/apple/Documents/GitHub/KT-Market-1/node_modules/@img/sharp-libvips-linux-arm64
323 silly reify mark deleted [
323 silly reify   '/Users/apple/Documents/GitHub/KT-Market-1/node_modules/@img/sharp-libvips-linux-arm64'
323 silly reify ]
324 verbose reify failed optional dependency /Users/apple/Documents/GitHub/KT-Market-1/node_modules/@img/sharp-libvips-linux-arm
325 silly reify mark deleted [
325 silly reify   '/Users/apple/Documents/GitHub/KT-Market-1/node_modules/@img/sharp-libvips-linux-arm'
325 silly reify ]
326 verbose reify failed optional dependency /Users/apple/Documents/GitHub/KT-Market-1/node_modules/@img/sharp-libvips-darwin-x64
327 silly reify mark deleted [
327 silly reify   '/Users/apple/Documents/GitHub/KT-Market-1/node_modules/@img/sharp-libvips-darwin-x64'
327 silly reify ]
328 verbose reify failed optional dependency /Users/apple/Documents/GitHub/KT-Market-1/node_modules/@img/sharp-darwin-x64
329 silly reify mark deleted [
329 silly reify   '/Users/apple/Documents/GitHub/KT-Market-1/node_modules/@img/sharp-darwin-x64'
329 silly reify ]
330 silly tarball no local data for @img/colour@https://registry.npmjs.org/@img/colour/-/colour-1.0.0.tgz. Extracting by manifest.
331 silly tarball no local data for @next/swc-darwin-arm64@https://registry.npmjs.org/@next/swc-darwin-arm64/-/swc-darwin-arm64-16.1.7.tgz. Extracting by manifest.
332 silly tarball no local data for @next/eslint-plugin-next@https://registry.npmjs.org/@next/eslint-plugin-next/-/eslint-plugin-next-16.1.7.tgz. Extracting by manifest.
333 silly tarball no local data for @img/sharp-libvips-darwin-arm64@https://registry.npmjs.org/@img/sharp-libvips-darwin-arm64/-/sharp-libvips-darwin-arm64-1.2.4.tgz. Extracting by manifest.
334 silly tarball no local data for @next/env@https://registry.npmjs.org/@next/env/-/env-16.1.7.tgz. Extracting by manifest.
335 silly tarball no local data for @img/sharp-darwin-arm64@https://registry.npmjs.org/@img/sharp-darwin-arm64/-/sharp-darwin-arm64-0.34.5.tgz. Extracting by manifest.
336 silly tarball no local data for sharp@https://registry.npmjs.org/sharp/-/sharp-0.34.5.tgz. Extracting by manifest.
337 silly tarball no local data for next@https://registry.npmjs.org/next/-/next-16.1.7.tgz. Extracting by manifest.
338 silly tarball no local data for fastq@https://registry.npmjs.org/fastq/-/fastq-1.20.1.tgz. Extracting by manifest.
339 silly tarball no local data for eslint-config-next@https://registry.npmjs.org/eslint-config-next/-/eslint-config-next-16.1.7.tgz. Extracting by manifest.
340 silly tarball no local data for semver@https://registry.npmjs.org/semver/-/semver-7.7.3.tgz. Extracting by manifest.
341 silly tarball no local data for baseline-browser-mapping@https://registry.npmjs.org/baseline-browser-mapping/-/baseline-browser-mapping-2.10.8.tgz. Extracting by manifest.
342 http fetch POST 200 https://registry.npmjs.org/-/npm/v1/security/advisories/bulk 451ms
343 silly audit report {
343 silly audit report   minimatch: [
343 silly audit report     {
343 silly audit report       id: 1113459,
343 silly audit report       url: 'https://github.com/advisories/GHSA-3ppc-4f35-3m26',
343 silly audit report       title: 'minimatch has a ReDoS via repeated wildcards with non-matching literal in pattern',
343 silly audit report       severity: 'high',
343 silly audit report       vulnerable_versions: '<3.1.3',
343 silly audit report       cwe: [Array],
343 silly audit report       cvss: [Object]
343 silly audit report     },
343 silly audit report     {
343 silly audit report       id: 1113465,
343 silly audit report       url: 'https://github.com/advisories/GHSA-3ppc-4f35-3m26',
343 silly audit report       title: 'minimatch has a ReDoS via repeated wildcards with non-matching literal in pattern',
343 silly audit report       severity: 'high',
343 silly audit report       vulnerable_versions: '>=9.0.0 <9.0.6',
343 silly audit report       cwe: [Array],
343 silly audit report       cvss: [Object]
343 silly audit report     },
343 silly audit report     {
343 silly audit report       id: 1113538,
343 silly audit report       url: 'https://github.com/advisories/GHSA-7r86-cg39-jmmj',
343 silly audit report       title: 'minimatch has ReDoS: matchOne() combinatorial backtracking via multiple non-adjacent GLOBSTAR segments',
343 silly audit report       severity: 'high',
343 silly audit report       vulnerable_versions: '<3.1.3',
343 silly audit report       cwe: [Array],
343 silly audit report       cvss: [Object]
343 silly audit report     },
343 silly audit report     {
343 silly audit report       id: 1113544,
343 silly audit report       url: 'https://github.com/advisories/GHSA-7r86-cg39-jmmj',
343 silly audit report       title: 'minimatch has ReDoS: matchOne() combinatorial backtracking via multiple non-adjacent GLOBSTAR segments',
343 silly audit report       severity: 'high',
343 silly audit report       vulnerable_versions: '>=9.0.0 <9.0.7',
343 silly audit report       cwe: [Array],
343 silly audit report       cvss: [Object]
343 silly audit report     },
343 silly audit report     {
343 silly audit report       id: 1113546,
343 silly audit report       url: 'https://github.com/advisories/GHSA-23c5-xmqv-rm74',
343 silly audit report       title: 'minimatch ReDoS: nested *() extglobs generate catastrophically backtracking regular expressions',
343 silly audit report       severity: 'high',
343 silly audit report       vulnerable_versions: '<3.1.4',
343 silly audit report       cwe: [Array],
343 silly audit report       cvss: [Object]
343 silly audit report     },
343 silly audit report     {
343 silly audit report       id: 1113552,
343 silly audit report       url: 'https://github.com/advisories/GHSA-23c5-xmqv-rm74',
343 silly audit report       title: 'minimatch ReDoS: nested *() extglobs generate catastrophically backtracking regular expressions',
343 silly audit report       severity: 'high',
343 silly audit report       vulnerable_versions: '>=9.0.0 <9.0.7',
343 silly audit report       cwe: [Array],
343 silly audit report       cvss: [Object]
343 silly audit report     }
343 silly audit report   ],
343 silly audit report   ajv: [
343 silly audit report     {
343 silly audit report       id: 1113714,
343 silly audit report       url: 'https://github.com/advisories/GHSA-2g4f-4pwh-qvx6',
343 silly audit report       title: 'ajv has ReDoS when using `$data` option',
343 silly audit report       severity: 'moderate',
343 silly audit report       vulnerable_versions: '<6.14.0',
343 silly audit report       cwe: [Array],
343 silly audit report       cvss: [Object]
343 silly audit report     }
343 silly audit report   ],
343 silly audit report   flatted: [
343 silly audit report     {
343 silly audit report       id: 1114526,
343 silly audit report       url: 'https://github.com/advisories/GHSA-25h7-pfq9-p65f',
343 silly audit report       title: 'flatted vulnerable to unbounded recursion DoS in parse() revive phase',
343 silly audit report       severity: 'high',
343 silly audit report       vulnerable_versions: '<3.4.0',
343 silly audit report       cwe: [Array],
343 silly audit report       cvss: [Object]
343 silly audit report     }
343 silly audit report   ],
343 silly audit report   'lodash-es': [
343 silly audit report     {
343 silly audit report       id: 1112453,
343 silly audit report       url: 'https://github.com/advisories/GHSA-xxjr-mmjv-4gpg',
343 silly audit report       title: 'Lodash has Prototype Pollution Vulnerability in `_.unset` and `_.omit` functions',
343 silly audit report       severity: 'moderate',
343 silly audit report       vulnerable_versions: '>=4.0.0 <=4.17.22',
343 silly audit report       cwe: [Array],
343 silly audit report       cvss: [Object]
343 silly audit report     }
343 silly audit report   ],
343 silly audit report   quill: [
343 silly audit report     {
343 silly audit report       id: 1112197,
343 silly audit report       url: 'https://github.com/advisories/GHSA-v3m3-f69x-jf25',
343 silly audit report       title: 'Quill is vulnerable to XSS via HTML export feature',
343 silly audit report       severity: 'low',
343 silly audit report       vulnerable_versions: '=2.0.3',
343 silly audit report       cwe: [Array],
343 silly audit report       cvss: [Object]
343 silly audit report     }
343 silly audit report   ]
343 silly audit report }
344 silly packumentCache corgi:https://registry.npmjs.org/minimatch cache-miss
345 silly packumentCache corgi:https://registry.npmjs.org/ajv cache-miss
346 silly packumentCache corgi:https://registry.npmjs.org/flatted cache-miss
347 silly packumentCache corgi:https://registry.npmjs.org/lodash-es cache-miss
348 silly packumentCache corgi:https://registry.npmjs.org/quill cache-miss
349 http fetch GET 200 https://registry.npmjs.org/@img/colour/-/colour-1.0.0.tgz 658ms (cache miss)
350 http fetch GET 200 https://registry.npmjs.org/@next/env/-/env-16.1.7.tgz 669ms (cache miss)
351 http fetch GET 200 https://registry.npmjs.org/eslint-config-next/-/eslint-config-next-16.1.7.tgz 743ms (cache miss)
352 http fetch GET 200 https://registry.npmjs.org/flatted 337ms (cache miss)
353 silly packumentCache corgi:https://registry.npmjs.org/flatted set size:undefined disposed:false
354 http fetch GET 200 https://registry.npmjs.org/lodash-es 354ms (cache miss)
355 silly packumentCache corgi:https://registry.npmjs.org/lodash-es set size:undefined disposed:false
356 http fetch GET 200 https://registry.npmjs.org/@img/sharp-darwin-arm64/-/sharp-darwin-arm64-0.34.5.tgz 856ms (cache miss)
357 http fetch GET 200 https://registry.npmjs.org/quill 407ms (cache miss)
358 silly packumentCache corgi:https://registry.npmjs.org/quill set size:undefined disposed:false
359 http fetch GET 200 https://registry.npmjs.org/fastq/-/fastq-1.20.1.tgz 865ms (cache miss)
360 http fetch GET 200 https://registry.npmjs.org/minimatch 429ms (cache miss)
361 silly packumentCache corgi:https://registry.npmjs.org/minimatch set size:undefined disposed:false
362 http fetch GET 200 https://registry.npmjs.org/ajv 636ms (cache miss)
363 silly packumentCache corgi:https://registry.npmjs.org/ajv set size:undefined disposed:false
364 http fetch GET 200 https://registry.npmjs.org/@next/eslint-plugin-next/-/eslint-plugin-next-16.1.7.tgz 1154ms (cache miss)
365 http fetch GET 200 https://registry.npmjs.org/baseline-browser-mapping/-/baseline-browser-mapping-2.10.8.tgz 1160ms (cache miss)
366 silly packumentCache corgi:https://registry.npmjs.org/@eslint%2fconfig-array cache-miss
367 silly packumentCache corgi:https://registry.npmjs.org/@eslint%2feslintrc cache-miss
368 silly packumentCache corgi:https://registry.npmjs.org/eslint cache-miss
369 silly packumentCache corgi:https://registry.npmjs.org/eslint-plugin-import cache-miss
370 silly packumentCache corgi:https://registry.npmjs.org/eslint-plugin-jsx-a11y cache-miss
371 silly packumentCache corgi:https://registry.npmjs.org/eslint-plugin-react cache-miss
372 http fetch GET 200 https://registry.npmjs.org/semver/-/semver-7.7.3.tgz 1199ms (cache miss)
373 http fetch GET 200 https://registry.npmjs.org/sharp/-/sharp-0.34.5.tgz 1252ms (cache miss)
374 http fetch GET 200 https://registry.npmjs.org/@eslint%2fconfig-array 120ms (cache miss)
375 silly packumentCache corgi:https://registry.npmjs.org/@eslint%2fconfig-array set size:undefined disposed:false
376 http fetch GET 200 https://registry.npmjs.org/eslint-plugin-jsx-a11y 130ms (cache miss)
377 silly packumentCache corgi:https://registry.npmjs.org/eslint-plugin-jsx-a11y set size:undefined disposed:false
378 http fetch GET 200 https://registry.npmjs.org/eslint-plugin-import 161ms (cache miss)
379 silly packumentCache corgi:https://registry.npmjs.org/eslint-plugin-import set size:undefined disposed:false
380 http fetch GET 200 https://registry.npmjs.org/@eslint%2feslintrc 173ms (cache miss)
381 silly packumentCache corgi:https://registry.npmjs.org/@eslint%2feslintrc set size:undefined disposed:false
382 http fetch GET 200 https://registry.npmjs.org/eslint-plugin-react 177ms (cache miss)
383 silly packumentCache corgi:https://registry.npmjs.org/eslint-plugin-react set size:undefined disposed:false
384 http fetch GET 200 https://registry.npmjs.org/eslint 318ms (cache miss)
385 silly packumentCache corgi:https://registry.npmjs.org/eslint set size:undefined disposed:false
386 silly packumentCache corgi:https://registry.npmjs.org/@typescript-eslint%2ftypescript-estree cache-miss
387 http fetch GET 200 https://registry.npmjs.org/@typescript-eslint%2ftypescript-estree 887ms (cache miss)
388 silly packumentCache corgi:https://registry.npmjs.org/@typescript-eslint%2ftypescript-estree set size:undefined disposed:false
389 silly packumentCache corgi:https://registry.npmjs.org/flat-cache cache-miss
390 http fetch GET 200 https://registry.npmjs.org/flat-cache 73ms (cache miss)
391 silly packumentCache corgi:https://registry.npmjs.org/flat-cache set size:undefined disposed:false
392 silly packumentCache corgi:https://registry.npmjs.org/react-quill-new cache-miss
393 http fetch GET 200 https://registry.npmjs.org/react-quill-new 79ms (cache miss)
394 silly packumentCache corgi:https://registry.npmjs.org/react-quill-new set size:undefined disposed:false
395 http fetch GET 200 https://registry.npmjs.org/@img/sharp-libvips-darwin-arm64/-/sharp-libvips-darwin-arm64-1.2.4.tgz 3231ms (cache miss)
396 http fetch GET 200 https://registry.npmjs.org/@next/swc-darwin-arm64/-/swc-darwin-arm64-16.1.7.tgz 8602ms (cache miss)
397 http fetch GET 200 https://registry.npmjs.org/next/-/next-16.1.7.tgz 18720ms (cache miss)
398 info run sharp@0.34.5 install node_modules/sharp node install/check.js || npm run build
399 info run sharp@0.34.5 install { code: 0, signal: null }
400 silly ADD
401 silly ADD
402 silly ADD
403 silly ADD
404 silly ADD
405 silly ADD
406 silly ADD
407 silly ADD
408 silly ADD
409 silly ADD
410 silly ADD
411 silly ADD
412 silly ADD
413 silly ADD
414 silly ADD
415 silly ADD
416 silly ADD
417 silly ADD
418 silly ADD
419 silly ADD
420 silly ADD
421 silly ADD
422 silly ADD
423 silly ADD
424 silly ADD
425 silly ADD
426 silly ADD
427 silly ADD
428 silly ADD
429 silly ADD
430 silly ADD
431 silly ADD
432 silly ADD
433 silly ADD
434 silly ADD
435 silly ADD
436 silly ADD
437 silly ADD
438 silly ADD
439 silly ADD
440 silly ADD
441 silly ADD
442 silly ADD
443 silly ADD
444 silly ADD
445 silly ADD
446 silly ADD
447 silly ADD
448 silly ADD
449 silly ADD
450 silly ADD
451 silly ADD
452 silly ADD
453 silly ADD
454 silly ADD
455 silly ADD
456 silly ADD
457 silly ADD
458 silly ADD
459 silly ADD
460 silly ADD
461 silly ADD
462 silly ADD
463 silly ADD
464 silly ADD
465 silly ADD
466 silly ADD
467 silly ADD
468 silly ADD node_modules/@img/colour
469 silly CHANGE node_modules/@next/eslint-plugin-next
470 silly CHANGE node_modules/@next/swc-darwin-arm64
471 silly REMOVE node_modules/@swc/counter
472 silly REMOVE node_modules/@panva/hkdf
473 silly CHANGE node_modules/@next/env
474 silly CHANGE node_modules/@img/sharp-libvips-darwin-arm64
475 silly CHANGE node_modules/@img/sharp-darwin-arm64
476 silly REMOVE node_modules/@auth/core
477 silly CHANGE node_modules/sharp
478 silly CHANGE node_modules/sharp/node_modules/semver
479 silly REMOVE node_modules/streamsearch
480 silly REMOVE node_modules/simple-swizzle
481 silly CHANGE node_modules/next
482 silly CHANGE node_modules/fastq
483 silly REMOVE node_modules/color-string
484 silly REMOVE node_modules/preact
485 silly REMOVE node_modules/preact-render-to-string
486 silly REMOVE node_modules/oauth4webapi
487 silly REMOVE node_modules/next-auth
488 silly REMOVE node_modules/lucide-react
489 silly CHANGE node_modules/eslint-config-next
490 silly REMOVE node_modules/jose
491 silly REMOVE node_modules/is-arrayish
492 silly REMOVE node_modules/color
493 silly REMOVE node_modules/busboy
494 silly CHANGE node_modules/baseline-browser-mapping
495 verbose cwd /Users/apple/Documents/GitHub/KT-Market-1
496 verbose os Darwin 23.5.0
497 verbose node v22.11.0
498 verbose npm  v10.9.0
499 notice
499 notice New [31mmajor[39m version of npm available! [31m10.9.0[39m -> [34m11.11.1[39m
499 notice Changelog: [34mhttps://github.com/npm/cli/releases/tag/v11.11.1[39m
499 notice To update run: [4mnpm install -g npm@11.11.1[24m
499 notice  { force: true, [Symbol(proc-log.meta)]: true }
500 verbose exit 0
501 info ok
